<?xml version="1.0" encoding="UTF-8"?>
<testsuite xmlns:xsi="http://www.w3.org/2001/XMLSchema-instance" xsi:noNamespaceSchemaLocation="https://maven.apache.org/surefire/maven-surefire-plugin/xsd/surefire-test-report.xsd" name="org.vadere.simulator.projects.migration.jsontranformation.json.TargetVersionV1_2Test" time="0.007" tests="2" errors="0" skipped="0" failures="0">
  <properties>
    <property name="java.specification.version" value="16"/>
    <property name="sun.jnu.encoding" value="UTF-8"/>
    <property name="java.class.path" value="/Users/kilian/IdeaProjects/vadere/VadereSimulator/target/test-classes:/Users/kilian/IdeaProjects/vadere/VadereSimulator/target/classes:/Users/kilian/.m2/repository/commons-codec/commons-codec/1.8/commons-codec-1.8.jar:/Users/kilian/IdeaProjects/vadere/VadereState/target/state-0.1-SNAPSHOT.jar:/Users/kilian/.m2/repository/commons-attributes/commons-attributes-api/2.2/commons-attributes-api-2.2.jar:/Users/kilian/.m2/repository/ant/ant/1.5/ant-1.5.jar:/Users/kilian/.m2/repository/qdox/qdox/1.5/qdox-1.5.jar:/Users/kilian/IdeaProjects/vadere/VadereUtils/target/utils-0.1-SNAPSHOT.jar:/Users/kilian/.m2/repository/com/vividsolutions/jts/1.13/jts-1.13.jar:/Users/kilian/.m2/repository/org/lwjgl/lwjgl/3.1.2/lwjgl-3.1.2.jar:/Users/kilian/.m2/repository/org/lwjgl/lwjgl-opencl/3.1.2/lwjgl-opencl-3.1.2.jar:/Users/kilian/.m2/repository/org/lwjgl/lwjgl/3.1.2/lwjgl-3.1.2-natives-macos.jar:/Users/kilian/.m2/repository/net/sourceforge/argparse4j/argparse4j/0.4.3/argparse4j-0.4.3.jar:/Users/kilian/IdeaProjects/vadere/VadereAnnotation/target/annotation-0.1-SNAPSHOT.jar:/Users/kilian/IdeaProjects/vadere/VadereMeshing/target/meshing-0.1-SNAPSHOT.jar:/Users/kilian/.m2/repository/it/unimi/dsi/fastutil/8.2.3/fastutil-8.2.3.jar:/Users/kilian/.m2/repository/org/jcodec/jcodec-javase/0.1.9/jcodec-javase-0.1.9.jar:/Users/kilian/.m2/repository/org/jcodec/jcodec/0.1.9/jcodec-0.1.9.jar:/Users/kilian/.m2/repository/com/google/guava/guava/25.0-jre/guava-25.0-jre.jar:/Users/kilian/.m2/repository/com/google/code/findbugs/jsr305/1.3.9/jsr305-1.3.9.jar:/Users/kilian/.m2/repository/org/checkerframework/checker-compat-qual/2.0.0/checker-compat-qual-2.0.0.jar:/Users/kilian/.m2/repository/com/google/errorprone/error_prone_annotations/2.1.3/error_prone_annotations-2.1.3.jar:/Users/kilian/.m2/repository/com/google/j2objc/j2objc-annotations/1.1/j2objc-annotations-1.1.jar:/Users/kilian/.m2/repository/org/codehaus/mojo/animal-sniffer-annotations/1.14/animal-sniffer-annotations-1.14.jar:/Users/kilian/.m2/repository/org/apache/logging/log4j/log4j-api/2.11.1/log4j-api-2.11.1.jar:/Users/kilian/.m2/repository/org/apache/logging/log4j/log4j-core/2.11.1/log4j-core-2.11.1.jar:/Users/kilian/.m2/repository/org/apache/commons/commons-math3/3.6.1/commons-math3-3.6.1.jar:/Users/kilian/.m2/repository/org/apache/commons/commons-configuration2/2.6/commons-configuration2-2.6.jar:/Users/kilian/.m2/repository/org/apache/commons/commons-text/1.8/commons-text-1.8.jar:/Users/kilian/.m2/repository/commons-logging/commons-logging/1.2/commons-logging-1.2.jar:/Users/kilian/.m2/repository/org/apache/sis/core/sis-referencing/1.0/sis-referencing-1.0.jar:/Users/kilian/.m2/repository/org/apache/sis/core/sis-utility/1.0/sis-utility-1.0.jar:/Users/kilian/.m2/repository/org/apache/sis/core/sis-metadata/1.0/sis-metadata-1.0.jar:/Users/kilian/.m2/repository/javax/measure/unit-api/1.0/unit-api-1.0.jar:/Users/kilian/.m2/repository/org/opengis/geoapi/3.0.1/geoapi-3.0.1.jar:/Users/kilian/.m2/repository/javax/xml/bind/jaxb-api/2.3.1/jaxb-api-2.3.1.jar:/Users/kilian/.m2/repository/javax/activation/javax.activation-api/1.2.0/javax.activation-api-1.2.0.jar:/Users/kilian/.m2/repository/commons-beanutils/commons-beanutils/1.9.4/commons-beanutils-1.9.4.jar:/Users/kilian/.m2/repository/commons-collections/commons-collections/3.2.2/commons-collections-3.2.2.jar:/Users/kilian/.m2/repository/net/sf/opencsv/opencsv/2.0/opencsv-2.0.jar:/Users/kilian/.m2/repository/org/apache/commons/commons-math/2.2/commons-math-2.2.jar:/Users/kilian/.m2/repository/tech/tablesaw/tablesaw-core/0.32.6/tablesaw-core-0.32.6.jar:/Users/kilian/.m2/repository/org/roaringbitmap/RoaringBitmap/0.7.14/RoaringBitmap-0.7.14.jar:/Users/kilian/.m2/repository/com/univocity/univocity-parsers/2.7.5/univocity-parsers-2.7.5.jar:/Users/kilian/.m2/repository/org/reflections/reflections/0.9.11/reflections-0.9.11.jar:/Users/kilian/.m2/repository/org/javassist/javassist/3.21.0-GA/javassist-3.21.0-GA.jar:/Users/kilian/.m2/repository/tech/tablesaw/tablesaw-jsplot/0.32.6/tablesaw-jsplot-0.32.6.jar:/Users/kilian/.m2/repository/io/pebbletemplates/pebble/2.6.0/pebble-2.6.0.jar:/Users/kilian/.m2/repository/com/coverity/security/coverity-escapers/1.1/coverity-escapers-1.1.jar:/Users/kilian/.m2/repository/org/slf4j/slf4j-api/1.7.25/slf4j-api-1.7.25.jar:/Users/kilian/.m2/repository/org/openjdk/jmh/jmh-core/1.20/jmh-core-1.20.jar:/Users/kilian/.m2/repository/net/sf/jopt-simple/jopt-simple/4.6/jopt-simple-4.6.jar:/Users/kilian/.m2/repository/org/openjdk/jmh/jmh-generator-annprocess/1.20/jmh-generator-annprocess-1.20.jar:/Users/kilian/.m2/repository/com/fasterxml/jackson/core/jackson-databind/2.9.6/jackson-databind-2.9.6.jar:/Users/kilian/.m2/repository/com/fasterxml/jackson/core/jackson-annotations/2.9.0/jackson-annotations-2.9.0.jar:/Users/kilian/.m2/repository/com/fasterxml/jackson/core/jackson-core/2.9.6/jackson-core-2.9.6.jar:/Users/kilian/.m2/repository/com/bazaarvoice/jolt/jolt-core/0.1.1/jolt-core-0.1.1.jar:/Users/kilian/.m2/repository/javax/inject/javax.inject/1/javax.inject-1.jar:/Users/kilian/.m2/repository/com/bazaarvoice/jolt/json-utils/0.1.1/json-utils-0.1.1.jar:/Users/kilian/.m2/repository/com/googlecode/java-diff-utils/diffutils/1.3.0/diffutils-1.3.0.jar:/Users/kilian/.m2/repository/junit/junit/4.12/junit-4.12.jar:/Users/kilian/.m2/repository/org/hamcrest/hamcrest-core/1.3/hamcrest-core-1.3.jar:/Users/kilian/.m2/repository/org/hamcrest/hamcrest-all/1.3/hamcrest-all-1.3.jar:/Users/kilian/.m2/repository/org/mockito/mockito-core/2.24.5/mockito-core-2.24.5.jar:/Users/kilian/.m2/repository/net/bytebuddy/byte-buddy/1.9.7/byte-buddy-1.9.7.jar:/Users/kilian/.m2/repository/net/bytebuddy/byte-buddy-agent/1.9.7/byte-buddy-agent-1.9.7.jar:/Users/kilian/.m2/repository/org/objenesis/objenesis/2.6/objenesis-2.6.jar:/Users/kilian/.m2/repository/commons-io/commons-io/2.4/commons-io-2.4.jar:/Users/kilian/.m2/repository/com/intellij/annotations/5.1/annotations-5.1.jar:/Users/kilian/.m2/repository/org/apache/commons/commons-lang3/3.4/commons-lang3-3.4.jar:/Users/kilian/.m2/repository/net/sf/py4j/py4j/0.10.8/py4j-0.10.8.jar:/Users/kilian/.m2/repository/com/github/davidmoten/rtree/0.8.7/rtree-0.8.7.jar:/Users/kilian/.m2/repository/com/github/davidmoten/guava-mini/0.1.1/guava-mini-0.1.1.jar:/Users/kilian/.m2/repository/io/reactivex/rxjava/1.3.8/rxjava-1.3.8.jar:"/>
    <property name="java.vm.vendor" value="AdoptOpenJDK"/>
    <property name="sun.arch.data.model" value="64"/>
    <property name="java.vendor.url" value="https://adoptopenjdk.net/"/>
    <property name="os.name" value="Mac OS X"/>
    <property name="java.vm.specification.version" value="16"/>
    <property name="sun.java.launcher" value="SUN_STANDARD"/>
    <property name="user.country" value="DE"/>
    <property name="sun.boot.library.path" value="/Library/Java/JavaVirtualMachines/adoptopenjdk-16.jdk/Contents/Home/lib"/>
    <property name="sun.java.command" value="/Users/kilian/IdeaProjects/vadere/VadereSimulator/target/surefire/surefirebooter11647351132852072096.jar /Users/kilian/IdeaProjects/vadere/VadereSimulator/target/surefire 2021-05-10T17-46-52_443-jvmRun1 surefire1674056646010347503tmp surefire_315953468552454114370tmp"/>
    <property name="http.nonProxyHosts" value="local|*.local|169.254/16|*.169.254/16"/>
    <property name="jdk.debug" value="release"/>
    <property name="surefire.test.class.path" value="/Users/kilian/IdeaProjects/vadere/VadereSimulator/target/test-classes:/Users/kilian/IdeaProjects/vadere/VadereSimulator/target/classes:/Users/kilian/.m2/repository/commons-codec/commons-codec/1.8/commons-codec-1.8.jar:/Users/kilian/IdeaProjects/vadere/VadereState/target/state-0.1-SNAPSHOT.jar:/Users/kilian/.m2/repository/commons-attributes/commons-attributes-api/2.2/commons-attributes-api-2.2.jar:/Users/kilian/.m2/repository/ant/ant/1.5/ant-1.5.jar:/Users/kilian/.m2/repository/qdox/qdox/1.5/qdox-1.5.jar:/Users/kilian/IdeaProjects/vadere/VadereUtils/target/utils-0.1-SNAPSHOT.jar:/Users/kilian/.m2/repository/com/vividsolutions/jts/1.13/jts-1.13.jar:/Users/kilian/.m2/repository/org/lwjgl/lwjgl/3.1.2/lwjgl-3.1.2.jar:/Users/kilian/.m2/repository/org/lwjgl/lwjgl-opencl/3.1.2/lwjgl-opencl-3.1.2.jar:/Users/kilian/.m2/repository/org/lwjgl/lwjgl/3.1.2/lwjgl-3.1.2-natives-macos.jar:/Users/kilian/.m2/repository/net/sourceforge/argparse4j/argparse4j/0.4.3/argparse4j-0.4.3.jar:/Users/kilian/IdeaProjects/vadere/VadereAnnotation/target/annotation-0.1-SNAPSHOT.jar:/Users/kilian/IdeaProjects/vadere/VadereMeshing/target/meshing-0.1-SNAPSHOT.jar:/Users/kilian/.m2/repository/it/unimi/dsi/fastutil/8.2.3/fastutil-8.2.3.jar:/Users/kilian/.m2/repository/org/jcodec/jcodec-javase/0.1.9/jcodec-javase-0.1.9.jar:/Users/kilian/.m2/repository/org/jcodec/jcodec/0.1.9/jcodec-0.1.9.jar:/Users/kilian/.m2/repository/com/google/guava/guava/25.0-jre/guava-25.0-jre.jar:/Users/kilian/.m2/repository/com/google/code/findbugs/jsr305/1.3.9/jsr305-1.3.9.jar:/Users/kilian/.m2/repository/org/checkerframework/checker-compat-qual/2.0.0/checker-compat-qual-2.0.0.jar:/Users/kilian/.m2/repository/com/google/errorprone/error_prone_annotations/2.1.3/error_prone_annotations-2.1.3.jar:/Users/kilian/.m2/repository/com/google/j2objc/j2objc-annotations/1.1/j2objc-annotations-1.1.jar:/Users/kilian/.m2/repository/org/codehaus/mojo/animal-sniffer-annotations/1.14/animal-sniffer-annotations-1.14.jar:/Users/kilian/.m2/repository/org/apache/logging/log4j/log4j-api/2.11.1/log4j-api-2.11.1.jar:/Users/kilian/.m2/repository/org/apache/logging/log4j/log4j-core/2.11.1/log4j-core-2.11.1.jar:/Users/kilian/.m2/repository/org/apache/commons/commons-math3/3.6.1/commons-math3-3.6.1.jar:/Users/kilian/.m2/repository/org/apache/commons/commons-configuration2/2.6/commons-configuration2-2.6.jar:/Users/kilian/.m2/repository/org/apache/commons/commons-text/1.8/commons-text-1.8.jar:/Users/kilian/.m2/repository/commons-logging/commons-logging/1.2/commons-logging-1.2.jar:/Users/kilian/.m2/repository/org/apache/sis/core/sis-referencing/1.0/sis-referencing-1.0.jar:/Users/kilian/.m2/repository/org/apache/sis/core/sis-utility/1.0/sis-utility-1.0.jar:/Users/kilian/.m2/repository/org/apache/sis/core/sis-metadata/1.0/sis-metadata-1.0.jar:/Users/kilian/.m2/repository/javax/measure/unit-api/1.0/unit-api-1.0.jar:/Users/kilian/.m2/repository/org/opengis/geoapi/3.0.1/geoapi-3.0.1.jar:/Users/kilian/.m2/repository/javax/xml/bind/jaxb-api/2.3.1/jaxb-api-2.3.1.jar:/Users/kilian/.m2/repository/javax/activation/javax.activation-api/1.2.0/javax.activation-api-1.2.0.jar:/Users/kilian/.m2/repository/commons-beanutils/commons-beanutils/1.9.4/commons-beanutils-1.9.4.jar:/Users/kilian/.m2/repository/commons-collections/commons-collections/3.2.2/commons-collections-3.2.2.jar:/Users/kilian/.m2/repository/net/sf/opencsv/opencsv/2.0/opencsv-2.0.jar:/Users/kilian/.m2/repository/org/apache/commons/commons-math/2.2/commons-math-2.2.jar:/Users/kilian/.m2/repository/tech/tablesaw/tablesaw-core/0.32.6/tablesaw-core-0.32.6.jar:/Users/kilian/.m2/repository/org/roaringbitmap/RoaringBitmap/0.7.14/RoaringBitmap-0.7.14.jar:/Users/kilian/.m2/repository/com/univocity/univocity-parsers/2.7.5/univocity-parsers-2.7.5.jar:/Users/kilian/.m2/repository/org/reflections/reflections/0.9.11/reflections-0.9.11.jar:/Users/kilian/.m2/repository/org/javassist/javassist/3.21.0-GA/javassist-3.21.0-GA.jar:/Users/kilian/.m2/repository/tech/tablesaw/tablesaw-jsplot/0.32.6/tablesaw-jsplot-0.32.6.jar:/Users/kilian/.m2/repository/io/pebbletemplates/pebble/2.6.0/pebble-2.6.0.jar:/Users/kilian/.m2/repository/com/coverity/security/coverity-escapers/1.1/coverity-escapers-1.1.jar:/Users/kilian/.m2/repository/org/slf4j/slf4j-api/1.7.25/slf4j-api-1.7.25.jar:/Users/kilian/.m2/repository/org/openjdk/jmh/jmh-core/1.20/jmh-core-1.20.jar:/Users/kilian/.m2/repository/net/sf/jopt-simple/jopt-simple/4.6/jopt-simple-4.6.jar:/Users/kilian/.m2/repository/org/openjdk/jmh/jmh-generator-annprocess/1.20/jmh-generator-annprocess-1.20.jar:/Users/kilian/.m2/repository/com/fasterxml/jackson/core/jackson-databind/2.9.6/jackson-databind-2.9.6.jar:/Users/kilian/.m2/repository/com/fasterxml/jackson/core/jackson-annotations/2.9.0/jackson-annotations-2.9.0.jar:/Users/kilian/.m2/repository/com/fasterxml/jackson/core/jackson-core/2.9.6/jackson-core-2.9.6.jar:/Users/kilian/.m2/repository/com/bazaarvoice/jolt/jolt-core/0.1.1/jolt-core-0.1.1.jar:/Users/kilian/.m2/repository/javax/inject/javax.inject/1/javax.inject-1.jar:/Users/kilian/.m2/repository/com/bazaarvoice/jolt/json-utils/0.1.1/json-utils-0.1.1.jar:/Users/kilian/.m2/repository/com/googlecode/java-diff-utils/diffutils/1.3.0/diffutils-1.3.0.jar:/Users/kilian/.m2/repository/junit/junit/4.12/junit-4.12.jar:/Users/kilian/.m2/repository/org/hamcrest/hamcrest-core/1.3/hamcrest-core-1.3.jar:/Users/kilian/.m2/repository/org/hamcrest/hamcrest-all/1.3/hamcrest-all-1.3.jar:/Users/kilian/.m2/repository/org/mockito/mockito-core/2.24.5/mockito-core-2.24.5.jar:/Users/kilian/.m2/repository/net/bytebuddy/byte-buddy/1.9.7/byte-buddy-1.9.7.jar:/Users/kilian/.m2/repository/net/bytebuddy/byte-buddy-agent/1.9.7/byte-buddy-agent-1.9.7.jar:/Users/kilian/.m2/repository/org/objenesis/objenesis/2.6/objenesis-2.6.jar:/Users/kilian/.m2/repository/commons-io/commons-io/2.4/commons-io-2.4.jar:/Users/kilian/.m2/repository/com/intellij/annotations/5.1/annotations-5.1.jar:/Users/kilian/.m2/repository/org/apache/commons/commons-lang3/3.4/commons-lang3-3.4.jar:/Users/kilian/.m2/repository/net/sf/py4j/py4j/0.10.8/py4j-0.10.8.jar:/Users/kilian/.m2/repository/com/github/davidmoten/rtree/0.8.7/rtree-0.8.7.jar:/Users/kilian/.m2/repository/com/github/davidmoten/guava-mini/0.1.1/guava-mini-0.1.1.jar:/Users/kilian/.m2/repository/io/reactivex/rxjava/1.3.8/rxjava-1.3.8.jar:"/>
    <property name="sun.cpu.endian" value="little"/>
    <property name="user.home" value="/Users/kilian"/>
    <property name="user.language" value="de"/>
    <property name="java.specification.vendor" value="Oracle Corporation"/>
    <property name="java.version.date" value="2021-04-20"/>
    <property name="java.home" value="/Library/Java/JavaVirtualMachines/adoptopenjdk-16.jdk/Contents/Home"/>
    <property name="file.separator" value="/"/>
    <property name="basedir" value="/Users/kilian/IdeaProjects/vadere/VadereSimulator"/>
    <property name="java.vm.compressedOopsMode" value="Zero based"/>
    <property name="line.separator" value="&#10;"/>
    <property name="java.specification.name" value="Java Platform API Specification"/>
    <property name="java.vm.specification.vendor" value="Oracle Corporation"/>
    <property name="surefire.real.class.path" value="/Users/kilian/IdeaProjects/vadere/VadereSimulator/target/surefire/surefirebooter11647351132852072096.jar"/>
    <property name="sun.management.compiler" value="HotSpot 64-Bit Tiered Compilers"/>
    <property name="ftp.nonProxyHosts" value="local|*.local|169.254/16|*.169.254/16"/>
    <property name="java.runtime.version" value="16.0.1+9"/>
    <property name="user.name" value="kilian"/>
    <property name="path.separator" value=":"/>
    <property name="os.version" value="11.2"/>
    <property name="java.runtime.name" value="OpenJDK Runtime Environment"/>
    <property name="file.encoding" value="UTF-8"/>
    <property name="java.vm.name" value="OpenJDK 64-Bit Server VM"/>
    <property name="java.vendor.version" value="AdoptOpenJDK-16.0.1+9"/>
    <property name="localRepository" value="/Users/kilian/.m2/repository"/>
    <property name="java.vendor.url.bug" value="https://github.com/AdoptOpenJDK/openjdk-support/issues"/>
    <property name="java.io.tmpdir" value="/var/folders/27/ln93lqqx0vjbz680p7fcq7zc0000gn/T/"/>
    <property name="idea.version" value="2020.3.3"/>
    <property name="java.version" value="16.0.1"/>
    <property name="user.dir" value="/Users/kilian/IdeaProjects/vadere/VadereSimulator"/>
    <property name="os.arch" value="x86_64"/>
    <property name="java.vm.specification.name" value="Java Virtual Machine Specification"/>
    <property name="java.library.path" value="/Users/kilian/Library/Java/Extensions:/Library/Java/Extensions:/Network/Library/Java/Extensions:/System/Library/Java/Extensions:/usr/lib/java:."/>
    <property name="java.vm.info" value="mixed mode, sharing"/>
    <property name="java.vendor" value="AdoptOpenJDK"/>
    <property name="java.vm.version" value="16.0.1+9"/>
    <property name="sun.io.unicode.encoding" value="UnicodeBig"/>
    <property name="socksNonProxyHosts" value="local|*.local|169.254/16|*.169.254/16"/>
    <property name="java.class.version" value="60.0"/>
  </properties>
  <testcase name="csvToTxt" classname="org.vadere.simulator.projects.migration.jsontranformation.json.TargetVersionV1_2Test" time="0.002"/>
  <testcase name="binToBin" classname="org.vadere.simulator.projects.migration.jsontranformation.json.TargetVersionV1_2Test" time="0.004"/>
</testsuite>